<?xml version="1.0"?>
<testsuite name="Chrome 59.0.3071 (Windows 10 0.0.0)" package="plexus-assay" timestamp="2017-08-07T19:54:21" id="0" hostname="Castor" tests="6" errors="0" failures="0" time="0.038">
  <properties>
    <property name="browser.fullName" value="Mozilla/5.0 (Windows NT 10.0; Win64; x64) AppleWebKit/537.36 (KHTML, like Gecko) Chrome/59.0.3071.115 Safari/537.36"/>
  </properties>
  <testcase name="search action creator search action should handle SEARCH_SEARCH action" time="0.032" classname="Chrome_59_0_3071_(Windows_10_0_0_0).plexus-assay.search action creator"/>
  <testcase name="search reducer should handle the initial state" time="0.001" classname="Chrome_59_0_3071_(Windows_10_0_0_0).plexus-assay.search reducer"/>
  <testcase name="search reducer should handle an irrelevant action" time="0.001" classname="Chrome_59_0_3071_(Windows_10_0_0_0).plexus-assay.search reducer"/>
  <testcase name="search reducer should handle the SEARCH_SEARCH action" time="0.001" classname="Chrome_59_0_3071_(Windows_10_0_0_0).plexus-assay.search reducer"/>
  <testcase name="search selector parseItems selector should return the parsed items" time="0.002" classname="Chrome_59_0_3071_(Windows_10_0_0_0).plexus-assay.search selector"/>
  <testcase name="search selector parseItems selector should return the parsed items without image link" time="0.001" classname="Chrome_59_0_3071_(Windows_10_0_0_0).plexus-assay.search selector"/>
  <system-out>
    <![CDATA[
]]>
  </system-out>
  <system-err/>
</testsuite>